mode: atomic
github.com/fgnanni/fullcycle-go-intensivo-calculo-de-taxas/main.go:5.13,7.2 1 0
github.com/fgnanni/fullcycle-go-intensivo-calculo-de-taxas/internal/infra/database/order_repository.go:13.54,17.2 1 0
github.com/fgnanni/fullcycle-go-intensivo-calculo-de-taxas/internal/infra/database/order_repository.go:19.59,22.16 2 0
github.com/fgnanni/fullcycle-go-intensivo-calculo-de-taxas/internal/infra/database/order_repository.go:25.2,25.12 1 0
github.com/fgnanni/fullcycle-go-intensivo-calculo-de-taxas/internal/infra/database/order_repository.go:22.16,24.3 1 0
github.com/fgnanni/fullcycle-go-intensivo-calculo-de-taxas/internal/infra/database/order_repository.go:28.51,32.16 3 0
github.com/fgnanni/fullcycle-go-intensivo-calculo-de-taxas/internal/infra/database/order_repository.go:35.2,35.19 1 0
github.com/fgnanni/fullcycle-go-intensivo-calculo-de-taxas/internal/infra/database/order_repository.go:32.16,34.3 1 0
github.com/fgnanni/fullcycle-go-intensivo-calculo-de-taxas/internal/entity/order.go:12.70,20.16 3 2
github.com/fgnanni/fullcycle-go-intensivo-calculo-de-taxas/internal/entity/order.go:23.2,23.19 1 1
github.com/fgnanni/fullcycle-go-intensivo-calculo-de-taxas/internal/entity/order.go:20.16,22.3 1 1
github.com/fgnanni/fullcycle-go-intensivo-calculo-de-taxas/internal/entity/order.go:26.34,27.16 1 7
github.com/fgnanni/fullcycle-go-intensivo-calculo-de-taxas/internal/entity/order.go:30.2,30.18 1 6
github.com/fgnanni/fullcycle-go-intensivo-calculo-de-taxas/internal/entity/order.go:33.2,33.16 1 3
github.com/fgnanni/fullcycle-go-intensivo-calculo-de-taxas/internal/entity/order.go:36.2,36.12 1 2
github.com/fgnanni/fullcycle-go-intensivo-calculo-de-taxas/internal/entity/order.go:27.16,29.3 1 1
github.com/fgnanni/fullcycle-go-intensivo-calculo-de-taxas/internal/entity/order.go:30.18,32.3 1 3
github.com/fgnanni/fullcycle-go-intensivo-calculo-de-taxas/internal/entity/order.go:33.16,35.3 1 1
github.com/fgnanni/fullcycle-go-intensivo-calculo-de-taxas/internal/entity/order.go:39.45,41.16 2 2
github.com/fgnanni/fullcycle-go-intensivo-calculo-de-taxas/internal/entity/order.go:45.2,47.12 2 1
github.com/fgnanni/fullcycle-go-intensivo-calculo-de-taxas/internal/entity/order.go:41.16,43.3 1 1
github.com/fgnanni/fullcycle-go-intensivo-calculo-de-taxas/main.go:5.13,7.2 1 0
github.com/fgnanni/fullcycle-go-intensivo-calculo-de-taxas/internal/entity/order.go:12.70,20.16 3 1
github.com/fgnanni/fullcycle-go-intensivo-calculo-de-taxas/internal/entity/order.go:23.2,23.19 1 1
github.com/fgnanni/fullcycle-go-intensivo-calculo-de-taxas/internal/entity/order.go:20.16,22.3 1 0
github.com/fgnanni/fullcycle-go-intensivo-calculo-de-taxas/internal/entity/order.go:26.34,27.16 1 2
github.com/fgnanni/fullcycle-go-intensivo-calculo-de-taxas/internal/entity/order.go:30.2,30.18 1 2
github.com/fgnanni/fullcycle-go-intensivo-calculo-de-taxas/internal/entity/order.go:33.2,33.16 1 2
github.com/fgnanni/fullcycle-go-intensivo-calculo-de-taxas/internal/entity/order.go:36.2,36.12 1 2
github.com/fgnanni/fullcycle-go-intensivo-calculo-de-taxas/internal/entity/order.go:27.16,29.3 1 0
github.com/fgnanni/fullcycle-go-intensivo-calculo-de-taxas/internal/entity/order.go:30.18,32.3 1 0
github.com/fgnanni/fullcycle-go-intensivo-calculo-de-taxas/internal/entity/order.go:33.16,35.3 1 0
github.com/fgnanni/fullcycle-go-intensivo-calculo-de-taxas/internal/entity/order.go:39.45,41.16 2 1
github.com/fgnanni/fullcycle-go-intensivo-calculo-de-taxas/internal/entity/order.go:45.2,47.12 2 1
github.com/fgnanni/fullcycle-go-intensivo-calculo-de-taxas/internal/entity/order.go:41.16,43.3 1 0
github.com/fgnanni/fullcycle-go-intensivo-calculo-de-taxas/internal/infra/database/order_repository.go:13.54,17.2 1 1
github.com/fgnanni/fullcycle-go-intensivo-calculo-de-taxas/internal/infra/database/order_repository.go:19.59,22.16 2 1
github.com/fgnanni/fullcycle-go-intensivo-calculo-de-taxas/internal/infra/database/order_repository.go:25.2,25.12 1 1
github.com/fgnanni/fullcycle-go-intensivo-calculo-de-taxas/internal/infra/database/order_repository.go:22.16,24.3 1 0
github.com/fgnanni/fullcycle-go-intensivo-calculo-de-taxas/internal/infra/database/order_repository.go:28.51,32.16 3 0
github.com/fgnanni/fullcycle-go-intensivo-calculo-de-taxas/internal/infra/database/order_repository.go:35.2,35.19 1 0
github.com/fgnanni/fullcycle-go-intensivo-calculo-de-taxas/internal/infra/database/order_repository.go:32.16,34.3 1 0
